Info: Starting: Create block symbol file (.bsf)
Info: qsys-generate "D:\OneDrive - University of Illinois - Urbana\ECE385 - Digital Systems Labortorary\Finale\Project\lab7_2.qsys" --block-symbol-file --output-directory="D:\OneDrive - University of Illinois - Urbana\ECE385 - Digital Systems Labortorary\Finale\Project\lab7_2" --family="MAX 10" --part=10M50DAF484C7G
Progress: Loading Project/lab7_2.qsys
Progress: Reading input file
Progress: Adding VGA_text_mode_controller_0 [VGA_text_mode_controller 1.0]
Progress: Parameterizing module VGA_text_mode_controller_0
Progress: Adding clk_0 [clock_source 18.1]
Progress: Parameterizing module clk_0
Progress: Adding hex_digits_pio [altera_avalon_pio 18.1]
Progress: Parameterizing module hex_digits_pio
Progress: Adding jtag_uart_0 [altera_avalon_jtag_uart 18.1]
Progress: Parameterizing module jtag_uart_0
Progress: Adding key [altera_avalon_pio 18.1]
Progress: Parameterizing module key
Progress: Adding key_code [altera_avalon_pio 18.1]
Progress: Parameterizing module key_code
Progress: Adding leds_pio [altera_avalon_pio 18.1]
Progress: Parameterizing module leds_pio
Progress: Adding nios2_gen2_0 [altera_nios2_gen2 18.1]
Progress: Parameterizing module nios2_gen2_0
Progress: Adding onchip_memory2_0 [altera_avalon_onchip_memory2 18.1]
Progress: Parameterizing module onchip_memory2_0
Progress: Adding sdram [altera_avalon_new_sdram_controller 18.1]
Progress: Parameterizing module sdram
Progress: Adding sdram_pll [altpll 18.1]
Progress: Parameterizing module sdram_pll
Progress: Adding spi_0 [altera_avalon_spi 18.1]
Progress: Parameterizing module spi_0
Progress: Adding sysid_qsys_0 [altera_avalon_sysid_qsys 18.1]
Progress: Parameterizing module sysid_qsys_0
Progress: Adding timer_0 [altera_avalon_timer 18.1]
Progress: Parameterizing module timer_0
Progress: Adding usb_gpx [altera_avalon_pio 18.1]
Progress: Parameterizing module usb_gpx
Progress: Adding usb_irq [altera_avalon_pio 18.1]
Progress: Parameterizing module usb_irq
Progress: Adding usb_rst [altera_avalon_pio 18.1]
Progress: Parameterizing module usb_rst
Progress: Building connections
Progress: Parameterizing connections
Progress: Validating
Progress: Done reading input file
Info: lab7_2.jtag_uart_0: JTAG UART IP input clock need to be at least double (2x) the operating frequency of JTAG TCK on board
Info: lab7_2.key: PIO inputs are not hardwired in test bench. Undefined values will be read from PIO inputs during simulation.
Info: lab7_2.sdram: SDRAM Controller will only be supported in Quartus Prime Standard Edition in the future release.
Info: lab7_2.sysid_qsys_0: System ID is not assigned automatically. Edit the System ID parameter to provide a unique ID
Info: lab7_2.sysid_qsys_0: Time stamp will be automatically updated when this component is generated.
Info: lab7_2.usb_gpx: PIO inputs are not hardwired in test bench. Undefined values will be read from PIO inputs during simulation.
Info: lab7_2.usb_irq: PIO inputs are not hardwired in test bench. Undefined values will be read from PIO inputs during simulation.
Info: qsys-generate succeeded.
Info: Finished: Create block symbol file (.bsf)
Info: 
Info: Starting: Create HDL design files for synthesis
Info: qsys-generate "D:\OneDrive - University of Illinois - Urbana\ECE385 - Digital Systems Labortorary\Finale\Project\lab7_2.qsys" --synthesis=VERILOG --output-directory="D:\OneDrive - University of Illinois - Urbana\ECE385 - Digital Systems Labortorary\Finale\Project\lab7_2\synthesis" --family="MAX 10" --part=10M50DAF484C7G
Progress: Loading Project/lab7_2.qsys
Progress: Reading input file
Progress: Adding VGA_text_mode_controller_0 [VGA_text_mode_controller 1.0]
Progress: Parameterizing module VGA_text_mode_controller_0
Progress: Adding clk_0 [clock_source 18.1]
Progress: Parameterizing module clk_0
Progress: Adding hex_digits_pio [altera_avalon_pio 18.1]
Progress: Parameterizing module hex_digits_pio
Progress: Adding jtag_uart_0 [altera_avalon_jtag_uart 18.1]
Progress: Parameterizing module jtag_uart_0
Progress: Adding key [altera_avalon_pio 18.1]
Progress: Parameterizing module key
Progress: Adding key_code [altera_avalon_pio 18.1]
Progress: Parameterizing module key_code
Progress: Adding leds_pio [altera_avalon_pio 18.1]
Progress: Parameterizing module leds_pio
Progress: Adding nios2_gen2_0 [altera_nios2_gen2 18.1]
Progress: Parameterizing module nios2_gen2_0
Progress: Adding onchip_memory2_0 [altera_avalon_onchip_memory2 18.1]
Progress: Parameterizing module onchip_memory2_0
Progress: Adding sdram [altera_avalon_new_sdram_controller 18.1]
Progress: Parameterizing module sdram
Progress: Adding sdram_pll [altpll 18.1]
Progress: Parameterizing module sdram_pll
Progress: Adding spi_0 [altera_avalon_spi 18.1]
Progress: Parameterizing module spi_0
Progress: Adding sysid_qsys_0 [altera_avalon_sysid_qsys 18.1]
Progress: Parameterizing module sysid_qsys_0
Progress: Adding timer_0 [altera_avalon_timer 18.1]
Progress: Parameterizing module timer_0
Progress: Adding usb_gpx [altera_avalon_pio 18.1]
Progress: Parameterizing module usb_gpx
Progress: Adding usb_irq [altera_avalon_pio 18.1]
Progress: Parameterizing module usb_irq
Progress: Adding usb_rst [altera_avalon_pio 18.1]
Progress: Parameterizing module usb_rst
Progress: Building connections
Progress: Parameterizing connections
Progress: Validating
Progress: Done reading input file
Info: lab7_2.jtag_uart_0: JTAG UART IP input clock need to be at least double (2x) the operating frequency of JTAG TCK on board
Info: lab7_2.key: PIO inputs are not hardwired in test bench. Undefined values will be read from PIO inputs during simulation.
Info: lab7_2.sdram: SDRAM Controller will only be supported in Quartus Prime Standard Edition in the future release.
Info: lab7_2.sysid_qsys_0: System ID is not assigned automatically. Edit the System ID parameter to provide a unique ID
Info: lab7_2.sysid_qsys_0: Time stamp will be automatically updated when this component is generated.
Info: lab7_2.usb_gpx: PIO inputs are not hardwired in test bench. Undefined values will be read from PIO inputs during simulation.
Info: lab7_2.usb_irq: PIO inputs are not hardwired in test bench. Undefined values will be read from PIO inputs during simulation.
Info: lab7_2: Generating lab7_2 "lab7_2" for QUARTUS_SYNTH
Info: Inserting clock-crossing logic between cmd_demux.src6 and cmd_mux_006.sink0
Info: Inserting clock-crossing logic between cmd_demux_001.src5 and cmd_mux_006.sink1
Info: Inserting clock-crossing logic between rsp_demux_006.src0 and rsp_mux.sink6
Info: Inserting clock-crossing logic between rsp_demux_006.src1 and rsp_mux_001.sink5
Info: VGA_text_mode_controller_0: "lab7_2" instantiated VGA_text_mode_controller "VGA_text_mode_controller_0"
Info: hex_digits_pio: Starting RTL generation for module 'lab7_2_hex_digits_pio'
Info: hex_digits_pio:   Generation command is [exec D:/intelfpga_lite/18.1/quartus/bin64/perl/bin/perl.exe -I D:/intelfpga_lite/18.1/quartus/bin64/perl/lib -I D:/intelfpga_lite/18.1/quartus/sopc_builder/bin/europa -I D:/intelfpga_lite/18.1/quartus/sopc_builder/bin/perl_lib -I D:/intelfpga_lite/18.1/quartus/sopc_builder/bin -I D:/intelfpga_lite/18.1/quartus/../ip/altera/sopc_builder_ip/common -I D:/intelfpga_lite/18.1/quartus/../ip/altera/sopc_builder_ip/altera_avalon_pio -- D:/intelfpga_lite/18.1/quartus/../ip/altera/sopc_builder_ip/altera_avalon_pio/generate_rtl.pl --name=lab7_2_hex_digits_pio --dir=C:/Users/kelvi/AppData/Local/Temp/alt8958_404032196240811539.dir/0003_hex_digits_pio_gen/ --quartus_dir=D:/intelfpga_lite/18.1/quartus --verilog --config=C:/Users/kelvi/AppData/Local/Temp/alt8958_404032196240811539.dir/0003_hex_digits_pio_gen//lab7_2_hex_digits_pio_component_configuration.pl  --do_build_sim=0  ]
Info: hex_digits_pio: Done RTL generation for module 'lab7_2_hex_digits_pio'
Info: hex_digits_pio: "lab7_2" instantiated altera_avalon_pio "hex_digits_pio"
Info: jtag_uart_0: Starting RTL generation for module 'lab7_2_jtag_uart_0'
Info: jtag_uart_0:   Generation command is [exec D:/intelfpga_lite/18.1/quartus/bin64/perl/bin/perl.exe -I D:/intelfpga_lite/18.1/quartus/bin64/perl/lib -I D:/intelfpga_lite/18.1/quartus/sopc_builder/bin/europa -I D:/intelfpga_lite/18.1/quartus/sopc_builder/bin/perl_lib -I D:/intelfpga_lite/18.1/quartus/sopc_builder/bin -I D:/intelfpga_lite/18.1/quartus/../ip/altera/sopc_builder_ip/common -I D:/intelfpga_lite/18.1/quartus/../ip/altera/sopc_builder_ip/altera_avalon_jtag_uart -- D:/intelfpga_lite/18.1/quartus/../ip/altera/sopc_builder_ip/altera_avalon_jtag_uart/generate_rtl.pl --name=lab7_2_jtag_uart_0 --dir=C:/Users/kelvi/AppData/Local/Temp/alt8958_404032196240811539.dir/0004_jtag_uart_0_gen/ --quartus_dir=D:/intelfpga_lite/18.1/quartus --verilog --config=C:/Users/kelvi/AppData/Local/Temp/alt8958_404032196240811539.dir/0004_jtag_uart_0_gen//lab7_2_jtag_uart_0_component_configuration.pl  --do_build_sim=0  ]
Info: jtag_uart_0: Done RTL generation for module 'lab7_2_jtag_uart_0'
Info: jtag_uart_0: "lab7_2" instantiated altera_avalon_jtag_uart "jtag_uart_0"
Info: key: Starting RTL generation for module 'lab7_2_key'
Info: key:   Generation command is [exec D:/intelfpga_lite/18.1/quartus/bin64/perl/bin/perl.exe -I D:/intelfpga_lite/18.1/quartus/bin64/perl/lib -I D:/intelfpga_lite/18.1/quartus/sopc_builder/bin/europa -I D:/intelfpga_lite/18.1/quartus/sopc_builder/bin/perl_lib -I D:/intelfpga_lite/18.1/quartus/sopc_builder/bin -I D:/intelfpga_lite/18.1/quartus/../ip/altera/sopc_builder_ip/common -I D:/intelfpga_lite/18.1/quartus/../ip/altera/sopc_builder_ip/altera_avalon_pio -- D:/intelfpga_lite/18.1/quartus/../ip/altera/sopc_builder_ip/altera_avalon_pio/generate_rtl.pl --name=lab7_2_key --dir=C:/Users/kelvi/AppData/Local/Temp/alt8958_404032196240811539.dir/0005_key_gen/ --quartus_dir=D:/intelfpga_lite/18.1/quartus --verilog --config=C:/Users/kelvi/AppData/Local/Temp/alt8958_404032196240811539.dir/0005_key_gen//lab7_2_key_component_configuration.pl  --do_build_sim=0  ]
Info: key: Done RTL generation for module 'lab7_2_key'
Info: key: "lab7_2" instantiated altera_avalon_pio "key"
Info: key_code: Starting RTL generation for module 'lab7_2_key_code'
Info: key_code:   Generation command is [exec D:/intelfpga_lite/18.1/quartus/bin64/perl/bin/perl.exe -I D:/intelfpga_lite/18.1/quartus/bin64/perl/lib -I D:/intelfpga_lite/18.1/quartus/sopc_builder/bin/europa -I D:/intelfpga_lite/18.1/quartus/sopc_builder/bin/perl_lib -I D:/intelfpga_lite/18.1/quartus/sopc_builder/bin -I D:/intelfpga_lite/18.1/quartus/../ip/altera/sopc_builder_ip/common -I D:/intelfpga_lite/18.1/quartus/../ip/altera/sopc_builder_ip/altera_avalon_pio -- D:/intelfpga_lite/18.1/quartus/../ip/altera/sopc_builder_ip/altera_avalon_pio/generate_rtl.pl --name=lab7_2_key_code --dir=C:/Users/kelvi/AppData/Local/Temp/alt8958_404032196240811539.dir/0006_key_code_gen/ --quartus_dir=D:/intelfpga_lite/18.1/quartus --verilog --config=C:/Users/kelvi/AppData/Local/Temp/alt8958_404032196240811539.dir/0006_key_code_gen//lab7_2_key_code_component_configuration.pl  --do_build_sim=0  ]
Info: key_code: Done RTL generation for module 'lab7_2_key_code'
Info: key_code: "lab7_2" instantiated altera_avalon_pio "key_code"
Info: leds_pio: Starting RTL generation for module 'lab7_2_leds_pio'
Info: leds_pio:   Generation command is [exec D:/intelfpga_lite/18.1/quartus/bin64/perl/bin/perl.exe -I D:/intelfpga_lite/18.1/quartus/bin64/perl/lib -I D:/intelfpga_lite/18.1/quartus/sopc_builder/bin/europa -I D:/intelfpga_lite/18.1/quartus/sopc_builder/bin/perl_lib -I D:/intelfpga_lite/18.1/quartus/sopc_builder/bin -I D:/intelfpga_lite/18.1/quartus/../ip/altera/sopc_builder_ip/common -I D:/intelfpga_lite/18.1/quartus/../ip/altera/sopc_builder_ip/altera_avalon_pio -- D:/intelfpga_lite/18.1/quartus/../ip/altera/sopc_builder_ip/altera_avalon_pio/generate_rtl.pl --name=lab7_2_leds_pio --dir=C:/Users/kelvi/AppData/Local/Temp/alt8958_404032196240811539.dir/0007_leds_pio_gen/ --quartus_dir=D:/intelfpga_lite/18.1/quartus --verilog --config=C:/Users/kelvi/AppData/Local/Temp/alt8958_404032196240811539.dir/0007_leds_pio_gen//lab7_2_leds_pio_component_configuration.pl  --do_build_sim=0  ]
Info: leds_pio: Done RTL generation for module 'lab7_2_leds_pio'
Info: leds_pio: "lab7_2" instantiated altera_avalon_pio "leds_pio"
Info: nios2_gen2_0: "lab7_2" instantiated altera_nios2_gen2 "nios2_gen2_0"
Info: onchip_memory2_0: Starting RTL generation for module 'lab7_2_onchip_memory2_0'
Info: onchip_memory2_0:   Generation command is [exec D:/intelfpga_lite/18.1/quartus/bin64/perl/bin/perl.exe -I D:/intelfpga_lite/18.1/quartus/bin64/perl/lib -I D:/intelfpga_lite/18.1/quartus/sopc_builder/bin/europa -I D:/intelfpga_lite/18.1/quartus/sopc_builder/bin/perl_lib -I D:/intelfpga_lite/18.1/quartus/sopc_builder/bin -I D:/intelfpga_lite/18.1/quartus/../ip/altera/sopc_builder_ip/common -I D:/intelfpga_lite/18.1/quartus/../ip/altera/sopc_builder_ip/altera_avalon_onchip_memory2 -- D:/intelfpga_lite/18.1/quartus/../ip/altera/sopc_builder_ip/altera_avalon_onchip_memory2/generate_rtl.pl --name=lab7_2_onchip_memory2_0 --dir=C:/Users/kelvi/AppData/Local/Temp/alt8958_404032196240811539.dir/0008_onchip_memory2_0_gen/ --quartus_dir=D:/intelfpga_lite/18.1/quartus --verilog --config=C:/Users/kelvi/AppData/Local/Temp/alt8958_404032196240811539.dir/0008_onchip_memory2_0_gen//lab7_2_onchip_memory2_0_component_configuration.pl  --do_build_sim=0  ]
Info: onchip_memory2_0: Done RTL generation for module 'lab7_2_onchip_memory2_0'
Info: onchip_memory2_0: "lab7_2" instantiated altera_avalon_onchip_memory2 "onchip_memory2_0"
Info: sdram: Starting RTL generation for module 'lab7_2_sdram'
Info: sdram:   Generation command is [exec D:/intelfpga_lite/18.1/quartus/bin64/perl/bin/perl.exe -I D:/intelfpga_lite/18.1/quartus/bin64/perl/lib -I D:/intelfpga_lite/18.1/quartus/sopc_builder/bin/europa -I D:/intelfpga_lite/18.1/quartus/sopc_builder/bin/perl_lib -I D:/intelfpga_lite/18.1/quartus/sopc_builder/bin -I D:/intelfpga_lite/18.1/quartus/../ip/altera/sopc_builder_ip/common -I D:/intelfpga_lite/18.1/quartus/../ip/altera/sopc_builder_ip/altera_avalon_new_sdram_controller -- D:/intelfpga_lite/18.1/quartus/../ip/altera/sopc_builder_ip/altera_avalon_new_sdram_controller/generate_rtl.pl --name=lab7_2_sdram --dir=C:/Users/kelvi/AppData/Local/Temp/alt8958_404032196240811539.dir/0009_sdram_gen/ --quartus_dir=D:/intelfpga_lite/18.1/quartus --verilog --config=C:/Users/kelvi/AppData/Local/Temp/alt8958_404032196240811539.dir/0009_sdram_gen//lab7_2_sdram_component_configuration.pl  --do_build_sim=0  ]
Info: sdram: Done RTL generation for module 'lab7_2_sdram'
Info: sdram: "lab7_2" instantiated altera_avalon_new_sdram_controller "sdram"
Info: sdram_pll: "lab7_2" instantiated altpll "sdram_pll"
Info: spi_0: Starting RTL generation for module 'lab7_2_spi_0'
Info: spi_0:   Generation command is [exec D:/intelfpga_lite/18.1/quartus/bin64/perl/bin/perl.exe -I D:/intelfpga_lite/18.1/quartus/bin64/perl/lib -I D:/intelfpga_lite/18.1/quartus/sopc_builder/bin/europa -I D:/intelfpga_lite/18.1/quartus/sopc_builder/bin/perl_lib -I D:/intelfpga_lite/18.1/quartus/sopc_builder/bin -I D:/intelfpga_lite/18.1/quartus/../ip/altera/sopc_builder_ip/common -I D:/intelfpga_lite/18.1/quartus/../ip/altera/sopc_builder_ip/altera_avalon_spi -- D:/intelfpga_lite/18.1/quartus/../ip/altera/sopc_builder_ip/altera_avalon_spi/generate_rtl.pl --name=lab7_2_spi_0 --dir=C:/Users/kelvi/AppData/Local/Temp/alt8958_404032196240811539.dir/0012_spi_0_gen/ --quartus_dir=D:/intelfpga_lite/18.1/quartus --verilog --config=C:/Users/kelvi/AppData/Local/Temp/alt8958_404032196240811539.dir/0012_spi_0_gen//lab7_2_spi_0_component_configuration.pl  --do_build_sim=0  ]
Info: spi_0: Done RTL generation for module 'lab7_2_spi_0'
Info: spi_0: "lab7_2" instantiated altera_avalon_spi "spi_0"
Info: sysid_qsys_0: "lab7_2" instantiated altera_avalon_sysid_qsys "sysid_qsys_0"
Info: timer_0: Starting RTL generation for module 'lab7_2_timer_0'
Info: timer_0:   Generation command is [exec D:/intelFPGA_lite/18.1/quartus/bin64//perl/bin/perl.exe -I D:/intelFPGA_lite/18.1/quartus/bin64//perl/lib -I D:/intelfpga_lite/18.1/quartus/sopc_builder/bin/europa -I D:/intelfpga_lite/18.1/quartus/sopc_builder/bin/perl_lib -I D:/intelfpga_lite/18.1/quartus/sopc_builder/bin -I D:/intelfpga_lite/18.1/quartus/../ip/altera/sopc_builder_ip/common -I D:/intelfpga_lite/18.1/quartus/../ip/altera/sopc_builder_ip/altera_avalon_timer -- D:/intelfpga_lite/18.1/quartus/../ip/altera/sopc_builder_ip/altera_avalon_timer/generate_rtl.pl --name=lab7_2_timer_0 --dir=C:/Users/kelvi/AppData/Local/Temp/alt8958_404032196240811539.dir/0014_timer_0_gen/ --quartus_dir=D:/intelfpga_lite/18.1/quartus --verilog --config=C:/Users/kelvi/AppData/Local/Temp/alt8958_404032196240811539.dir/0014_timer_0_gen//lab7_2_timer_0_component_configuration.pl  --do_build_sim=0  ]
Info: timer_0: Done RTL generation for module 'lab7_2_timer_0'
Info: timer_0: "lab7_2" instantiated altera_avalon_timer "timer_0"
Info: usb_gpx: Starting RTL generation for module 'lab7_2_usb_gpx'
Info: usb_gpx:   Generation command is [exec D:/intelfpga_lite/18.1/quartus/bin64/perl/bin/perl.exe -I D:/intelfpga_lite/18.1/quartus/bin64/perl/lib -I D:/intelfpga_lite/18.1/quartus/sopc_builder/bin/europa -I D:/intelfpga_lite/18.1/quartus/sopc_builder/bin/perl_lib -I D:/intelfpga_lite/18.1/quartus/sopc_builder/bin -I D:/intelfpga_lite/18.1/quartus/../ip/altera/sopc_builder_ip/common -I D:/intelfpga_lite/18.1/quartus/../ip/altera/sopc_builder_ip/altera_avalon_pio -- D:/intelfpga_lite/18.1/quartus/../ip/altera/sopc_builder_ip/altera_avalon_pio/generate_rtl.pl --name=lab7_2_usb_gpx --dir=C:/Users/kelvi/AppData/Local/Temp/alt8958_404032196240811539.dir/0015_usb_gpx_gen/ --quartus_dir=D:/intelfpga_lite/18.1/quartus --verilog --config=C:/Users/kelvi/AppData/Local/Temp/alt8958_404032196240811539.dir/0015_usb_gpx_gen//lab7_2_usb_gpx_component_configuration.pl  --do_build_sim=0  ]
Info: usb_gpx: Done RTL generation for module 'lab7_2_usb_gpx'
Info: usb_gpx: "lab7_2" instantiated altera_avalon_pio "usb_gpx"
Info: usb_rst: Starting RTL generation for module 'lab7_2_usb_rst'
Info: usb_rst:   Generation command is [exec D:/intelfpga_lite/18.1/quartus/bin64/perl/bin/perl.exe -I D:/intelfpga_lite/18.1/quartus/bin64/perl/lib -I D:/intelfpga_lite/18.1/quartus/sopc_builder/bin/europa -I D:/intelfpga_lite/18.1/quartus/sopc_builder/bin/perl_lib -I D:/intelfpga_lite/18.1/quartus/sopc_builder/bin -I D:/intelfpga_lite/18.1/quartus/../ip/altera/sopc_builder_ip/common -I D:/intelfpga_lite/18.1/quartus/../ip/altera/sopc_builder_ip/altera_avalon_pio -- D:/intelfpga_lite/18.1/quartus/../ip/altera/sopc_builder_ip/altera_avalon_pio/generate_rtl.pl --name=lab7_2_usb_rst --dir=C:/Users/kelvi/AppData/Local/Temp/alt8958_404032196240811539.dir/0016_usb_rst_gen/ --quartus_dir=D:/intelfpga_lite/18.1/quartus --verilog --config=C:/Users/kelvi/AppData/Local/Temp/alt8958_404032196240811539.dir/0016_usb_rst_gen//lab7_2_usb_rst_component_configuration.pl  --do_build_sim=0  ]
Info: usb_rst: Done RTL generation for module 'lab7_2_usb_rst'
Info: usb_rst: "lab7_2" instantiated altera_avalon_pio "usb_rst"
Info: avalon_st_adapter: Inserting error_adapter: error_adapter_0
Info: avalon_st_adapter_001: Inserting error_adapter: error_adapter_0
Info: avalon_st_adapter_002: Inserting error_adapter: error_adapter_0
Info: avalon_st_adapter_003: Inserting error_adapter: error_adapter_0
Info: avalon_st_adapter_004: Inserting error_adapter: error_adapter_0
Info: avalon_st_adapter_005: Inserting error_adapter: error_adapter_0
Info: avalon_st_adapter_006: Inserting error_adapter: error_adapter_0
Info: avalon_st_adapter_007: Inserting error_adapter: error_adapter_0
Info: avalon_st_adapter_008: Inserting error_adapter: error_adapter_0
Info: avalon_st_adapter_009: Inserting error_adapter: error_adapter_0
Info: avalon_st_adapter_010: Inserting error_adapter: error_adapter_0
Info: avalon_st_adapter_011: Inserting error_adapter: error_adapter_0
Info: avalon_st_adapter_012: Inserting error_adapter: error_adapter_0
Info: avalon_st_adapter_013: Inserting error_adapter: error_adapter_0
Info: avalon_st_adapter_014: Inserting error_adapter: error_adapter_0
Info: avalon_st_adapter_015: Inserting error_adapter: error_adapter_0
Info: mm_interconnect_0: "lab7_2" instantiated altera_mm_interconnect "mm_interconnect_0"
Info: irq_mapper: "lab7_2" instantiated altera_irq_mapper "irq_mapper"
Info: rst_controller: "lab7_2" instantiated altera_reset_controller "rst_controller"
Info: cpu: Starting RTL generation for module 'lab7_2_nios2_gen2_0_cpu'
Info: cpu:   Generation command is [exec D:/intelFPGA_lite/18.1/quartus/bin64//eperlcmd.exe -I D:/intelFPGA_lite/18.1/quartus/bin64//perl/lib -I D:/intelfpga_lite/18.1/quartus/sopc_builder/bin/europa -I D:/intelfpga_lite/18.1/quartus/sopc_builder/bin/perl_lib -I D:/intelfpga_lite/18.1/quartus/sopc_builder/bin -I D:/intelfpga_lite/18.1/quartus/../ip/altera/nios2_ip/altera_nios2_gen2/cpu_lib -I D:/intelfpga_lite/18.1/quartus/../ip/altera/nios2_ip/altera_nios2_gen2/nios_lib -I D:/intelfpga_lite/18.1/quartus/../ip/altera/nios2_ip/altera_nios2_gen2 -I D:/intelfpga_lite/18.1/quartus/../ip/altera/nios2_ip/altera_nios2_gen2 -- D:/intelfpga_lite/18.1/quartus/../ip/altera/nios2_ip/altera_nios2_gen2/generate_rtl.epl --name=lab7_2_nios2_gen2_0_cpu --dir=C:/Users/kelvi/AppData/Local/Temp/alt8958_404032196240811539.dir/0019_cpu_gen/ --quartus_bindir=D:/intelFPGA_lite/18.1/quartus/bin64/ --verilog --config=C:/Users/kelvi/AppData/Local/Temp/alt8958_404032196240811539.dir/0019_cpu_gen//lab7_2_nios2_gen2_0_cpu_processor_configuration.pl  --do_build_sim=0  ]
Info: cpu: # 2021.11.26 21:46:50 (*) Starting Nios II generation
Info: cpu: # 2021.11.26 21:46:50 (*)   Checking for plaintext license.
Info: cpu: # 2021.11.26 21:46:52 (*)   Couldn't query license setup in Quartus directory D:/intelFPGA_lite/18.1/quartus/bin64/
Info: cpu: # 2021.11.26 21:46:52 (*)   Defaulting to contents of LM_LICENSE_FILE environment variable
Info: cpu: # 2021.11.26 21:46:52 (*)   LM_LICENSE_FILE environment variable is empty
Info: cpu: # 2021.11.26 21:46:52 (*)   Plaintext license not found.
Info: cpu: # 2021.11.26 21:46:52 (*)   No license required to generate encrypted Nios II/e.
Info: cpu: # 2021.11.26 21:46:52 (*)   Elaborating CPU configuration settings
Info: cpu: # 2021.11.26 21:46:52 (*)   Creating all objects for CPU
Info: cpu: # 2021.11.26 21:46:54 (*)   Generating RTL from CPU objects
Info: cpu: # 2021.11.26 21:46:54 (*)   Creating plain-text RTL
Info: cpu: # 2021.11.26 21:46:56 (*) Done Nios II generation
Info: cpu: Done RTL generation for module 'lab7_2_nios2_gen2_0_cpu'
Info: cpu: "nios2_gen2_0" instantiated altera_nios2_gen2_unit "cpu"
Info: nios2_gen2_0_data_master_translator: "mm_interconnect_0" instantiated altera_merlin_master_translator "nios2_gen2_0_data_master_translator"
Info: jtag_uart_0_avalon_jtag_slave_translator: "mm_interconnect_0" instantiated altera_merlin_slave_translator "jtag_uart_0_avalon_jtag_slave_translator"
Info: nios2_gen2_0_data_master_agent: "mm_interconnect_0" instantiated altera_merlin_master_agent "nios2_gen2_0_data_master_agent"
Info: jtag_uart_0_avalon_jtag_slave_agent: "mm_interconnect_0" instantiated altera_merlin_slave_agent "jtag_uart_0_avalon_jtag_slave_agent"
Info: jtag_uart_0_avalon_jtag_slave_agent_rsp_fifo: "mm_interconnect_0" instantiated altera_avalon_sc_fifo "jtag_uart_0_avalon_jtag_slave_agent_rsp_fifo"
Info: router: "mm_interconnect_0" instantiated altera_merlin_router "router"
Info: router_001: "mm_interconnect_0" instantiated altera_merlin_router "router_001"
Info: router_002: "mm_interconnect_0" instantiated altera_merlin_router "router_002"
Info: router_003: "mm_interconnect_0" instantiated altera_merlin_router "router_003"
Info: router_008: "mm_interconnect_0" instantiated altera_merlin_router "router_008"
Info: sdram_s1_burst_adapter: "mm_interconnect_0" instantiated altera_merlin_burst_adapter "sdram_s1_burst_adapter"
Info: cmd_demux: "mm_interconnect_0" instantiated altera_merlin_demultiplexer "cmd_demux"
Info: cmd_demux_001: "mm_interconnect_0" instantiated altera_merlin_demultiplexer "cmd_demux_001"
Info: cmd_mux: "mm_interconnect_0" instantiated altera_merlin_multiplexer "cmd_mux"
Info: cmd_mux_001: "mm_interconnect_0" instantiated altera_merlin_multiplexer "cmd_mux_001"
Info: Reusing file D:/OneDrive - University of Illinois - Urbana/ECE385 - Digital Systems Labortorary/Finale/Project/lab7_2/synthesis/submodules/altera_merlin_arbitrator.sv
Info: rsp_demux: "mm_interconnect_0" instantiated altera_merlin_demultiplexer "rsp_demux"
Info: rsp_demux_001: "mm_interconnect_0" instantiated altera_merlin_demultiplexer "rsp_demux_001"
Info: rsp_mux: "mm_interconnect_0" instantiated altera_merlin_multiplexer "rsp_mux"
Info: Reusing file D:/OneDrive - University of Illinois - Urbana/ECE385 - Digital Systems Labortorary/Finale/Project/lab7_2/synthesis/submodules/altera_merlin_arbitrator.sv
Info: rsp_mux_001: "mm_interconnect_0" instantiated altera_merlin_multiplexer "rsp_mux_001"
Info: Reusing file D:/OneDrive - University of Illinois - Urbana/ECE385 - Digital Systems Labortorary/Finale/Project/lab7_2/synthesis/submodules/altera_merlin_arbitrator.sv
Info: sdram_s1_rsp_width_adapter: "mm_interconnect_0" instantiated altera_merlin_width_adapter "sdram_s1_rsp_width_adapter"
Info: Reusing file D:/OneDrive - University of Illinois - Urbana/ECE385 - Digital Systems Labortorary/Finale/Project/lab7_2/synthesis/submodules/altera_merlin_address_alignment.sv
Info: Reusing file D:/OneDrive - University of Illinois - Urbana/ECE385 - Digital Systems Labortorary/Finale/Project/lab7_2/synthesis/submodules/altera_merlin_burst_uncompressor.sv
Info: crosser: "mm_interconnect_0" instantiated altera_avalon_st_handshake_clock_crosser "crosser"
Info: Reusing file D:/OneDrive - University of Illinois - Urbana/ECE385 - Digital Systems Labortorary/Finale/Project/lab7_2/synthesis/submodules/altera_avalon_st_pipeline_base.v
Info: avalon_st_adapter: "mm_interconnect_0" instantiated altera_avalon_st_adapter "avalon_st_adapter"
Info: avalon_st_adapter_006: "mm_interconnect_0" instantiated altera_avalon_st_adapter "avalon_st_adapter_006"
Info: error_adapter_0: "avalon_st_adapter" instantiated error_adapter "error_adapter_0"
Info: error_adapter_0: "avalon_st_adapter_006" instantiated error_adapter "error_adapter_0"
Info: lab7_2: Done "lab7_2" with 45 modules, 70 files
Info: qsys-generate succeeded.
Info: Finished: Create HDL design files for synthesis
