Flow report for final_1
Sat Nov 13 19:58:02 2021
Quartus Prime Version 18.1.0 Build 625 09/12/2018 SJ Lite Edition


---------------------
; Table of Contents ;
---------------------
  1. Legal Notice
  2. Flow Summary
  3. Flow Settings
  4. Flow Non-Default Global Settings
  5. Flow Elapsed Time
  6. Flow OS Summary
  7. Flow Log
  8. Flow Messages
  9. Flow Suppressed Messages



----------------
; Legal Notice ;
----------------
Copyright (C) 2018  Intel Corporation. All rights reserved.
Your use of Intel Corporation's design tools, logic functions 
and other software and tools, and its AMPP partner logic 
functions, and any output files from any of the foregoing 
(including device programming or simulation files), and any 
associated documentation or information are expressly subject 
to the terms and conditions of the Intel Program License 
Subscription Agreement, the Intel Quartus Prime License Agreement,
the Intel FPGA IP License Agreement, or other applicable license
agreement, including, without limitation, that your use is for
the sole purpose of programming logic devices manufactured by
Intel and sold by Intel or its authorized distributors.  Please
refer to the applicable agreement for further details.



+----------------------------------------------------------------------------------+
; Flow Summary                                                                     ;
+------------------------------------+---------------------------------------------+
; Flow Status                        ; Successful - Sat Nov 13 19:57:47 2021       ;
; Quartus Prime Version              ; 18.1.0 Build 625 09/12/2018 SJ Lite Edition ;
; Revision Name                      ; final_1                                     ;
; Top-level Entity Name              ; lab7                                        ;
; Family                             ; MAX 10                                      ;
; Device                             ; 10M50DAF484C7G                              ;
; Timing Models                      ; Final                                       ;
; Total logic elements               ; 5,311 / 49,760 ( 11 % )                     ;
;     Total combinational functions  ; 4,701 / 49,760 ( 9 % )                      ;
;     Dedicated logic registers      ; 2,707 / 49,760 ( 5 % )                      ;
; Total registers                    ; 2776                                        ;
; Total pins                         ; 141 / 360 ( 39 % )                          ;
; Total virtual pins                 ; 0                                           ;
; Total memory bits                  ; 142,464 / 1,677,312 ( 8 % )                 ;
; Embedded Multiplier 9-bit elements ; 0 / 288 ( 0 % )                             ;
; Total PLLs                         ; 1 / 4 ( 25 % )                              ;
; UFM blocks                         ; 0 / 1 ( 0 % )                               ;
; ADC blocks                         ; 0 / 2 ( 0 % )                               ;
+------------------------------------+---------------------------------------------+


+-----------------------------------------+
; Flow Settings                           ;
+-------------------+---------------------+
; Option            ; Setting             ;
+-------------------+---------------------+
; Start date & time ; 11/13/2021 19:55:14 ;
; Main task         ; Compilation         ;
; Revision Name     ; final_1             ;
+-------------------+---------------------+


+----------------------------------------------------------------------------------------------------------------------------------------------------+
; Flow Non-Default Global Settings                                                                                                                   ;
+-------------------------------------+-------------------------------------------------------------+---------------+-------------------+------------+
; Assignment Name                     ; Value                                                       ; Default Value ; Entity Name       ; Section Id ;
+-------------------------------------+-------------------------------------------------------------+---------------+-------------------+------------+
; COMPILER_SIGNATURE_ID               ; 181124906292338.163685491312672                             ; --            ; --                ; --         ;
; MAX_CORE_JUNCTION_TEMP              ; 85                                                          ; --            ; --                ; --         ;
; MIN_CORE_JUNCTION_TEMP              ; 0                                                           ; --            ; --                ; --         ;
; MISC_FILE                           ; lab7_2/synthesis/../lab7_2.cmp                              ; --            ; --                ; --         ;
; MISC_FILE                           ; lab7_2/synthesis/../../lab7_2.qsys                          ; --            ; --                ; --         ;
; MISC_FILE                           ; ram_bb.v                                                    ; --            ; --                ; --         ;
; MISC_FILE                           ; lab62_soc/synthesis/../lab62_soc.cmp                        ; --            ; --                ; --         ;
; MISC_FILE                           ; lab62_soc/synthesis/../../lab62_soc.qsys                    ; --            ; --                ; --         ;
; PARTITION_COLOR                     ; -- (Not supported for targeted family)                      ; --            ; DE10_LITE_Default ; Top        ;
; PARTITION_COLOR                     ; -- (Not supported for targeted family)                      ; --            ; lab7              ; Top        ;
; PARTITION_FITTER_PRESERVATION_LEVEL ; -- (Not supported for targeted family)                      ; --            ; DE10_LITE_Default ; Top        ;
; PARTITION_FITTER_PRESERVATION_LEVEL ; -- (Not supported for targeted family)                      ; --            ; lab7              ; Top        ;
; PARTITION_NETLIST_TYPE              ; -- (Not supported for targeted family)                      ; --            ; DE10_LITE_Default ; Top        ;
; PARTITION_NETLIST_TYPE              ; -- (Not supported for targeted family)                      ; --            ; lab7              ; Top        ;
; POWER_BOARD_THERMAL_MODEL           ; None (CONSERVATIVE)                                         ; --            ; --                ; --         ;
; POWER_PRESET_COOLING_SOLUTION       ; 23 MM HEAT SINK WITH 200 LFPM AIRFLOW                       ; --            ; --                ; --         ;
; PROJECT_OUTPUT_DIRECTORY            ; output_files                                                ; --            ; --                ; --         ;
; SLD_FILE                            ; lab7_2/synthesis/lab7_2.regmap                              ; --            ; --                ; --         ;
; SLD_FILE                            ; lab7_2/synthesis/lab7_2.debuginfo                           ; --            ; --                ; --         ;
; SLD_FILE                            ; lab62_soc/synthesis/lab62_soc.regmap                        ; --            ; --                ; --         ;
; SLD_FILE                            ; lab62_soc/synthesis/lab62_soc.debuginfo                     ; --            ; --                ; --         ;
; SLD_INFO                            ; QSYS_NAME lab62_soc HAS_SOPCINFO 1 GENERATION_ID 1636582867 ; --            ; lab62_soc         ; --         ;
; SLD_INFO                            ; QSYS_NAME lab7_2 HAS_SOPCINFO 1 GENERATION_ID 1636854825    ; --            ; lab7_2            ; --         ;
; SOPCINFO_FILE                       ; lab7_2/synthesis/../../lab7_2.sopcinfo                      ; --            ; --                ; --         ;
; SOPCINFO_FILE                       ; lab62_soc/synthesis/../../lab62_soc.sopcinfo                ; --            ; --                ; --         ;
; SYNTHESIS_ONLY_QIP                  ; On                                                          ; --            ; --                ; --         ;
; SYNTHESIS_ONLY_QIP                  ; On                                                          ; --            ; --                ; --         ;
; TOP_LEVEL_ENTITY                    ; lab7                                                        ; final_1       ; --                ; --         ;
+-------------------------------------+-------------------------------------------------------------+---------------+-------------------+------------+


+--------------------------------------------------------------------------------------------------------------------------+
; Flow Elapsed Time                                                                                                        ;
+----------------------+--------------+-------------------------+---------------------+------------------------------------+
; Module Name          ; Elapsed Time ; Average Processors Used ; Peak Virtual Memory ; Total CPU Time (on all processors) ;
+----------------------+--------------+-------------------------+---------------------+------------------------------------+
; Analysis & Synthesis ; 00:01:38     ; 1.0                     ; 5111 MB             ; 00:01:31                           ;
; Fitter               ; 00:00:29     ; 1.3                     ; 5762 MB             ; 00:00:41                           ;
; Assembler            ; 00:00:06     ; 1.0                     ; 4711 MB             ; 00:00:04                           ;
; Timing Analyzer      ; 00:00:14     ; 1.5                     ; 4899 MB             ; 00:00:13                           ;
; Total                ; 00:02:27     ; --                      ; --                  ; 00:02:29                           ;
+----------------------+--------------+-------------------------+---------------------+------------------------------------+


+------------------------------------------------------------------------------------+
; Flow OS Summary                                                                    ;
+----------------------+------------------+------------+------------+----------------+
; Module Name          ; Machine Hostname ; OS Name    ; OS Version ; Processor type ;
+----------------------+------------------+------------+------------+----------------+
; Analysis & Synthesis ; ECEB-3022-06     ; Windows 10 ; 10.0       ; x86_64         ;
; Fitter               ; ECEB-3022-06     ; Windows 10 ; 10.0       ; x86_64         ;
; Assembler            ; ECEB-3022-06     ; Windows 10 ; 10.0       ; x86_64         ;
; Timing Analyzer      ; ECEB-3022-06     ; Windows 10 ; 10.0       ; x86_64         ;
+----------------------+------------------+------------+------------+----------------+


------------
; Flow Log ;
------------
quartus_map --read_settings_files=on --write_settings_files=off final_1 -c final_1
quartus_fit --read_settings_files=off --write_settings_files=off final_1 -c final_1
quartus_asm --read_settings_files=off --write_settings_files=off final_1 -c final_1
quartus_sta final_1 -c final_1



